<?xml version="1.0" encoding="utf-8"?><testsuites name="pytest tests"><testsuite name="pytest" errors="0" failures="0" skipped="0" tests="14" time="5.168" timestamp="2026-05-15T19:47:11.308662+00:00" hostname="agent-env-c4726ab1-c315-4453-b021-51db6f46c98a"><testcase classname="backend.tests.test_message_management.TestDeleteForMe" name="test_delete_for_me_hides_only_for_caller" time="1.043" /><testcase classname="backend.tests.test_message_management.TestDeleteForMe" name="test_delete_for_me_by_both_physically_purges" time="0.238" /><testcase classname="backend.tests.test_message_management.TestDeleteForEveryone" name="test_only_sender_can_delete_for_everyone" time="0.122" /><testcase classname="backend.tests.test_message_management.TestDeleteForEveryone" name="test_delete_for_everyone_keeps_tombstone" time="0.233" /><testcase classname="backend.tests.test_message_management.TestClearConversation" name="test_clear_hides_for_caller_not_other" time="1.487" /><testcase classname="backend.tests.test_message_management.TestDisappearing" name="test_set_disappearing_valid_24h" time="0.143" /><testcase classname="backend.tests.test_message_management.TestDisappearing" name="test_set_disappearing_null_turns_off" time="0.059" /><testcase classname="backend.tests.test_message_management.TestDisappearing" name="test_set_disappearing_rejects_under_30s" time="0.061" /><testcase classname="backend.tests.test_message_management.TestDisappearing" name="test_set_disappearing_rejects_over_one_year" time="0.050" /><testcase classname="backend.tests.test_message_management.TestDisappearing" name="test_auto_purge_on_fetch" time="0.394" /><testcase classname="backend.tests.test_message_management.TestEdgeCases" name="test_delete_nonexistent_message_404" time="0.064" /><testcase classname="backend.tests.test_message_management.TestEdgeCases" name="test_non_participant_cannot_delete" time="0.451" /><testcase classname="backend.tests.test_message_management.TestEdgeCases" name="test_non_participant_cannot_clear" time="0.319" /><testcase classname="backend.tests.test_message_management.TestEdgeCases" name="test_non_participant_cannot_set_disappearing" time="0.314" /></testsuite></testsuites>