<?xml version="1.0" encoding="utf-8"?><testsuites name="pytest tests"><testsuite name="pytest" errors="0" failures="0" skipped="0" tests="21" time="3.879" timestamp="2026-05-15T18:36:55.727397+00:00" hostname="agent-env-c4726ab1-c315-4453-b021-51db6f46c98a"><testcase classname="backend.tests.test_couling.TestAuth" name="test_root" time="0.329" /><testcase classname="backend.tests.test_couling.TestAuth" name="test_send_otp_returns_universal_dev_otp" time="0.193" /><testcase classname="backend.tests.test_couling.TestAuth" name="test_send_otp_rejects_short_phone" time="0.184" /><testcase classname="backend.tests.test_couling.TestAuth" name="test_verify_otp_universal_accepts_123456" time="0.475" /><testcase classname="backend.tests.test_couling.TestAuth" name="test_verify_otp_rejects_wrong" time="0.248" /><testcase classname="backend.tests.test_couling.TestAuth" name="test_me_requires_token" time="0.136" /><testcase classname="backend.tests.test_couling.TestAuth" name="test_me_returns_user" time="0.326" /><testcase classname="backend.tests.test_couling.TestContacts" name="test_add_contact_unregistered_404" time="0.055" /><testcase classname="backend.tests.test_couling.TestContacts" name="test_add_contact_success_hides_phone" time="0.518" /><testcase classname="backend.tests.test_couling.TestContacts" name="test_add_contact_duplicate_rejected" time="0.055" /><testcase classname="backend.tests.test_couling.TestChats" name="test_send_and_get_messages" time="0.364" /><testcase classname="backend.tests.test_couling.TestCalls" name="test_initiate_and_list" time="0.182" /><testcase classname="backend.tests.test_couling.TestMeetings" name="test_create_has_code_and_organizer" time="0.065" /><testcase classname="backend.tests.test_couling.TestMeetings" name="test_get_meeting_no_phones_in_participants" time="0.056" /><testcase classname="backend.tests.test_couling.TestMeetings" name="test_join_meeting_adds_bob" time="0.071" /><testcase classname="backend.tests.test_couling.TestMeetings" name="test_non_organizer_cannot_mute_all" time="0.070" /><testcase classname="backend.tests.test_couling.TestMeetings" name="test_organizer_mute_all" time="0.117" /><testcase classname="backend.tests.test_couling.TestMeetings" name="test_non_organizer_cannot_private_talk" time="0.070" /><testcase classname="backend.tests.test_couling.TestMeetings" name="test_organizer_private_talk" time="0.056" /><testcase classname="backend.tests.test_couling.TestMeetings" name="test_non_organizer_cannot_end" time="0.068" /><testcase classname="backend.tests.test_couling.TestMeetings" name="test_organizer_end" time="0.054" /></testsuite></testsuites>